00000000 c7fe                LGOTO    0x1; __nyc_ny8_startup=0x1
__nyc_ny8_startup:
00000001 d4f5                LCALL    0x30a; ___cinit_load__=0x30a
00000002 c5c6                LGOTO    0x239; _main=0x239
_tick_Init:
crt0.o:crt0_end:
00000003 e0fc                BCR      STATUS, BK0
00000004 fd40                CLRR     0x3f
00000005 ffef                RET
00000008 c701                LGOTO    0xfe; _isr=0xfe
_buzzer_task:
00000009 e0fc                BCR      STATUS, BK0
0000000a fea8                MOVR     0x57, ToAcc
0000000b f2fc                BTRSC    STATUS, Z
0000000c c7df                LGOTO    0x20; main.o:_00231_DS_=0x20
0000000d fe90                MOVR     0x6f, ToAcc
0000000e f6fc                BTRSS    STATUS, Z
0000000f c7eb                LGOTO    0x14; main.o:_00227_DS_=0x14
00000010 d368                LCALL    0x497; _start_buzzer=0x497
00000011 d354                LCALL    0x4ab; _tick_GetTickCount=0x4ab
00000012 e0fc                BCR      STATUS, BK0
00000013 ff10                MOVAR    0x6f
main.o:_00227_DS_:
00000014 e0fc                BCR      STATUS, BK0
00000015 fe90                MOVR     0x6f, ToAcc
00000016 d3f7                LCALL    0x408; _tick_GetElapsedTime=0x408
00000017 e0fc                BCR      STATUS, BK0
00000018 ff54                MOVAR    0x2b
00000019 defb                MOVIA    0x4
0000001a fbd4                SUBAR    0x2b, ToAcc
0000001b f7fc                BTRSS    STATUS, C
0000001c c7df                LGOTO    0x20; main.o:_00231_DS_=0x20
0000001d fd10                CLRR     0x6f
0000001e fd28                CLRR     0x57
0000001f d37f                LCALL    0x480; _stop_buzzer=0x480
main.o:_00231_DS_:
00000020 e0fc                BCR      STATUS, BK0
00000021 fea7                MOVR     0x58, ToAcc
00000022 f2fc                BTRSC    STATUS, Z
00000023 c7a8                LGOTO    0x57; main.o:_00246_DS_=0x57
00000024 fe8d                MOVR     0x72, ToAcc
00000025 f6fc                BTRSS    STATUS, Z
00000026 c7c2                LGOTO    0x3d; main.o:_00243_DS_=0x3d
00000027 fe90                MOVR     0x6f, ToAcc
00000028 f6fc                BTRSS    STATUS, Z
00000029 c7d1                LGOTO    0x2e; main.o:_00233_DS_=0x2e
0000002a d368                LCALL    0x497; _start_buzzer=0x497
0000002b d354                LCALL    0x4ab; _tick_GetTickCount=0x4ab
0000002c e0fc                BCR      STATUS, BK0
0000002d ff10                MOVAR    0x6f
main.o:_00233_DS_:
0000002e e0fc                BCR      STATUS, BK0
0000002f fe90                MOVR     0x6f, ToAcc
00000030 d3f7                LCALL    0x408; _tick_GetElapsedTime=0x408
00000031 e0fc                BCR      STATUS, BK0
00000032 ff54                MOVAR    0x2b
00000033 defb                MOVIA    0x4
00000034 fbd4                SUBAR    0x2b, ToAcc
00000035 f7fc                BTRSS    STATUS, C
00000036 c7a8                LGOTO    0x57; main.o:_00246_DS_=0x57
00000037 fd10                CLRR     0x6f
00000038 fd0f                CLRR     0x70
00000039 defe                MOVIA    0x1
0000003a ff0d                MOVAR    0x72
0000003b d37f                LCALL    0x480; _stop_buzzer=0x480
0000003c c7a8                LGOTO    0x57; main.o:_00246_DS_=0x57
main.o:_00243_DS_:
0000003d e0fc                BCR      STATUS, BK0
0000003e fe8f                MOVR     0x70, ToAcc
0000003f f6fc                BTRSS    STATUS, Z
00000040 c7ba                LGOTO    0x45; main.o:_00237_DS_=0x45
00000041 d354                LCALL    0x4ab; _tick_GetTickCount=0x4ab
00000042 e0fc                BCR      STATUS, BK0
00000043 ff0f                MOVAR    0x70
00000044 d37f                LCALL    0x480; _stop_buzzer=0x480
main.o:_00237_DS_:
00000045 e0fc                BCR      STATUS, BK0
00000046 fe8f                MOVR     0x70, ToAcc
00000047 d3f7                LCALL    0x408; _tick_GetElapsedTime=0x408
00000048 e0fc                BCR      STATUS, BK0
00000049 ff54                MOVAR    0x2b
0000004a def7                MOVIA    0x8
0000004b fbd4                SUBAR    0x2b, ToAcc
0000004c f7fc                BTRSS    STATUS, C
0000004d c7a8                LGOTO    0x57; main.o:_00246_DS_=0x57
0000004e fd0d                CLRR     0x72
0000004f fd0f                CLRR     0x70
00000050 fa0e                INCR     0x71, ToReg
00000051 defd                MOVIA    0x2
00000052 fb8e                SUBAR    0x71, ToAcc
00000053 f7fc                BTRSS    STATUS, C
00000054 c7a8                LGOTO    0x57; main.o:_00246_DS_=0x57
00000055 fd0e                CLRR     0x71
00000056 fd27                CLRR     0x58
main.o:_00246_DS_:
00000057 e0fc                BCR      STATUS, BK0
00000058 fea6                MOVR     0x59, ToAcc
00000059 f2fc                BTRSC    STATUS, Z
0000005a c771                LGOTO    0x8e; main.o:_00261_DS_=0x8e
0000005b fe8d                MOVR     0x72, ToAcc
0000005c f6fc                BTRSS    STATUS, Z
0000005d c78b                LGOTO    0x74; main.o:_00258_DS_=0x74
0000005e fe90                MOVR     0x6f, ToAcc
0000005f f6fc                BTRSS    STATUS, Z
00000060 c79a                LGOTO    0x65; main.o:_00248_DS_=0x65
00000061 d368                LCALL    0x497; _start_buzzer=0x497
00000062 d354                LCALL    0x4ab; _tick_GetTickCount=0x4ab
00000063 e0fc                BCR      STATUS, BK0
00000064 ff10                MOVAR    0x6f
main.o:_00248_DS_:
00000065 e0fc                BCR      STATUS, BK0
00000066 fe90                MOVR     0x6f, ToAcc
00000067 d3f7                LCALL    0x408; _tick_GetElapsedTime=0x408
00000068 e0fc                BCR      STATUS, BK0
00000069 ff54                MOVAR    0x2b
0000006a defb                MOVIA    0x4
0000006b fbd4                SUBAR    0x2b, ToAcc
0000006c f7fc                BTRSS    STATUS, C
0000006d c771                LGOTO    0x8e; main.o:_00261_DS_=0x8e
0000006e fd10                CLRR     0x6f
0000006f fd0f                CLRR     0x70
00000070 defe                MOVIA    0x1
00000071 ff0d                MOVAR    0x72
00000072 d37f                LCALL    0x480; _stop_buzzer=0x480
00000073 c771                LGOTO    0x8e; main.o:_00261_DS_=0x8e
main.o:_00258_DS_:
00000074 e0fc                BCR      STATUS, BK0
00000075 fe8f                MOVR     0x70, ToAcc
00000076 f6fc                BTRSS    STATUS, Z
00000077 c783                LGOTO    0x7c; main.o:_00252_DS_=0x7c
00000078 d354                LCALL    0x4ab; _tick_GetTickCount=0x4ab
00000079 e0fc                BCR      STATUS, BK0
0000007a ff0f                MOVAR    0x70
0000007b d37f                LCALL    0x480; _stop_buzzer=0x480
main.o:_00252_DS_:
0000007c e0fc                BCR      STATUS, BK0
0000007d fe8f                MOVR     0x70, ToAcc
0000007e d3f7                LCALL    0x408; _tick_GetElapsedTime=0x408
0000007f e0fc                BCR      STATUS, BK0
00000080 ff54                MOVAR    0x2b
00000081 def7                MOVIA    0x8
00000082 fbd4                SUBAR    0x2b, ToAcc
00000083 f7fc                BTRSS    STATUS, C
00000084 c771                LGOTO    0x8e; main.o:_00261_DS_=0x8e
00000085 fd0d                CLRR     0x72
00000086 fd0f                CLRR     0x70
00000087 fa0e                INCR     0x71, ToReg
00000088 defc                MOVIA    0x3
00000089 fb8e                SUBAR    0x71, ToAcc
0000008a f7fc                BTRSS    STATUS, C
0000008b c771                LGOTO    0x8e; main.o:_00261_DS_=0x8e
0000008c fd0e                CLRR     0x71
0000008d fd26                CLRR     0x59
main.o:_00261_DS_:
0000008e e0fc                BCR      STATUS, BK0
0000008f fea5                MOVR     0x5a, ToAcc
00000090 f2fc                BTRSC    STATUS, Z
00000091 c73a                LGOTO    0xc5; main.o:_00276_DS_=0xc5
00000092 fe8d                MOVR     0x72, ToAcc
00000093 f6fc                BTRSS    STATUS, Z
00000094 c754                LGOTO    0xab; main.o:_00273_DS_=0xab
00000095 fe90                MOVR     0x6f, ToAcc
00000096 f6fc                BTRSS    STATUS, Z
00000097 c763                LGOTO    0x9c; main.o:_00263_DS_=0x9c
00000098 d354                LCALL    0x4ab; _tick_GetTickCount=0x4ab
00000099 e0fc                BCR      STATUS, BK0
0000009a ff10                MOVAR    0x6f
0000009b d368                LCALL    0x497; _start_buzzer=0x497
main.o:_00263_DS_:
0000009c e0fc                BCR      STATUS, BK0
0000009d fe90                MOVR     0x6f, ToAcc
0000009e d3f7                LCALL    0x408; _tick_GetElapsedTime=0x408
0000009f e0fc                BCR      STATUS, BK0
000000a0 ff54                MOVAR    0x2b
000000a1 defb                MOVIA    0x4
000000a2 fbd4                SUBAR    0x2b, ToAcc
000000a3 f7fc                BTRSS    STATUS, C
000000a4 c73a                LGOTO    0xc5; main.o:_00276_DS_=0xc5
000000a5 fd10                CLRR     0x6f
000000a6 fd0f                CLRR     0x70
000000a7 defe                MOVIA    0x1
000000a8 ff0d                MOVAR    0x72
000000a9 d37f                LCALL    0x480; _stop_buzzer=0x480
000000aa c73a                LGOTO    0xc5; main.o:_00276_DS_=0xc5
main.o:_00273_DS_:
000000ab e0fc                BCR      STATUS, BK0
000000ac fe8f                MOVR     0x70, ToAcc
000000ad f6fc                BTRSS    STATUS, Z
000000ae c74c                LGOTO    0xb3; main.o:_00267_DS_=0xb3
000000af d354                LCALL    0x4ab; _tick_GetTickCount=0x4ab
000000b0 e0fc                BCR      STATUS, BK0
000000b1 ff0f                MOVAR    0x70
000000b2 d37f                LCALL    0x480; _stop_buzzer=0x480
main.o:_00267_DS_:
000000b3 e0fc                BCR      STATUS, BK0
000000b4 fe8f                MOVR     0x70, ToAcc
000000b5 d3f7                LCALL    0x408; _tick_GetElapsedTime=0x408
000000b6 e0fc                BCR      STATUS, BK0
000000b7 ff54                MOVAR    0x2b
000000b8 def7                MOVIA    0x8
000000b9 fbd4                SUBAR    0x2b, ToAcc
000000ba f7fc                BTRSS    STATUS, C
000000bb c73a                LGOTO    0xc5; main.o:_00276_DS_=0xc5
000000bc fd0d                CLRR     0x72
000000bd fd0f                CLRR     0x70
000000be fa0e                INCR     0x71, ToReg
000000bf defb                MOVIA    0x4
000000c0 fb8e                SUBAR    0x71, ToAcc
000000c1 f7fc                BTRSS    STATUS, C
000000c2 c73a                LGOTO    0xc5; main.o:_00276_DS_=0xc5
000000c3 fd0e                CLRR     0x71
000000c4 fd25                CLRR     0x5a
main.o:_00276_DS_:
000000c5 e0fc                BCR      STATUS, BK0
000000c6 fea2                MOVR     0x5d, ToAcc
000000c7 f2fc                BTRSC    STATUS, Z
000000c8 c702                LGOTO    0xfd; main.o:_00292_DS_=0xfd
000000c9 fe8d                MOVR     0x72, ToAcc
000000ca f6fc                BTRSS    STATUS, Z
000000cb c71d                LGOTO    0xe2; main.o:_00288_DS_=0xe2
000000cc fe90                MOVR     0x6f, ToAcc
000000cd f6fc                BTRSS    STATUS, Z
000000ce c72c                LGOTO    0xd3; main.o:_00278_DS_=0xd3
000000cf d372                LCALL    0x48d; _turnOnDevice_buzzer=0x48d
000000d0 d354                LCALL    0x4ab; _tick_GetTickCount=0x4ab
000000d1 e0fc                BCR      STATUS, BK0
000000d2 ff10                MOVAR    0x6f
main.o:_00278_DS_:
000000d3 e0fc                BCR      STATUS, BK0
000000d4 fe90                MOVR     0x6f, ToAcc
000000d5 d3f7                LCALL    0x408; _tick_GetElapsedTime=0x408
000000d6 e0fc                BCR      STATUS, BK0
000000d7 ff54                MOVAR    0x2b
000000d8 defc                MOVIA    0x3
000000d9 fbd4                SUBAR    0x2b, ToAcc
000000da f7fc                BTRSS    STATUS, C
000000db c702                LGOTO    0xfd; main.o:_00292_DS_=0xfd
000000dc fd10                CLRR     0x6f
000000dd fd0f                CLRR     0x70
000000de defe                MOVIA    0x1
000000df ff0d                MOVAR    0x72
000000e0 d37f                LCALL    0x480; _stop_buzzer=0x480
000000e1 c702                LGOTO    0xfd; main.o:_00292_DS_=0xfd
main.o:_00288_DS_:
000000e2 e0fc                BCR      STATUS, BK0
000000e3 fe8f                MOVR     0x70, ToAcc
000000e4 f6fc                BTRSS    STATUS, Z
000000e5 c715                LGOTO    0xea; main.o:_00282_DS_=0xea
000000e6 d354                LCALL    0x4ab; _tick_GetTickCount=0x4ab
000000e7 e0fc                BCR      STATUS, BK0
000000e8 ff0f                MOVAR    0x70
000000e9 d37f                LCALL    0x480; _stop_buzzer=0x480
main.o:_00282_DS_:
000000ea e0fc                BCR      STATUS, BK0
000000eb fe8f                MOVR     0x70, ToAcc
000000ec d3f7                LCALL    0x408; _tick_GetElapsedTime=0x408
000000ed e0fc                BCR      STATUS, BK0
000000ee ff54                MOVAR    0x2b
000000ef defb                MOVIA    0x4
000000f0 fbd4                SUBAR    0x2b, ToAcc
000000f1 f7fc                BTRSS    STATUS, C
000000f2 c702                LGOTO    0xfd; main.o:_00292_DS_=0xfd
000000f3 fd0d                CLRR     0x72
000000f4 fd0f                CLRR     0x70
000000f5 fa0e                INCR     0x71, ToReg
000000f6 defd                MOVIA    0x2
000000f7 fb8e                SUBAR    0x71, ToAcc
000000f8 f7fc                BTRSS    STATUS, C
000000f9 c702                LGOTO    0xfd; main.o:_00292_DS_=0xfd
000000fa fd0e                CLRR     0x71
000000fb fd22                CLRR     0x5d
000000fc fd23                CLRR     0x5c
main.o:_00292_DS_:
000000fd ffef                RET
_isr:
main.o:__sdcc_interrupt:
000000fe ff3d                MOVAR    0x42
000000ff eafc                SWAPR    STATUS, ToAcc
00000100 fd7c                CLRR     STATUS
00000101 ff3e                MOVAR    0x41
00000102 fef5                MOVR     PCHBUF, ToAcc
00000103 fd75                CLRR     PCHBUF
00000104 ff3f                MOVAR    0x40
00000105 fefb                MOVR     FSR, ToAcc
00000106 e0fc                BCR      STATUS, BK0
00000107 ff4d                MOVAR    0x32
00000108 feb8                MOVR     0x47, ToAcc
00000109 ff4c                MOVAR    0x33
0000010a feb9                MOVR     0x46, ToAcc
0000010b ff4b                MOVAR    0x34
0000010c fd5c                CLRR     0x23
0000010d fd5b                CLRR     0x24
0000010e f6f0                BTRSS    INTF, INT0IF
0000010f c6eb                LGOTO    0x114; main.o:_00106_DS_=0x114
00000110 de04                MOVIA    0xfb
00000111 ff70                MOVAR    INTF
00000112 defe                MOVIA    0x1
00000113 ff12                MOVAR    0x6d
main.o:_00106_DS_:
00000114 f770                BTRSS    INTF, PABIF
00000115 c6a5                LGOTO    0x15a; main.o:_00117_DS_=0x15a
00000116 de02                MOVIA    0xfd
00000117 ff70                MOVAR    INTF
00000118 e0fc                BCR      STATUS, BK0
00000119 fd5a                CLRR     0x25
0000011a fd59                CLRR     0x26
main.o:_00110_DS_:
0000011b fef9                MOVR     PORTB, ToAcc
0000011c e0fc                BCR      STATUS, BK0
0000011d ff58                MOVAR    0x27
0000011e fd57                CLRR     0x28
0000011f f8d8                COMR     0x27, ToAcc
00000120 ff58                MOVAR    0x27
00000121 f8d7                COMR     0x28, ToAcc
00000122 ff57                MOVAR    0x28
00000123 f4d8                BTRSS    0x27, 0x6
00000124 c6b1                LGOTO    0x14e; main.o:_00112_DS_=0x14e
00000125 fa5a                INCR     0x25, ToReg
00000126 f6fc                BTRSS    STATUS, Z
00000127 c6d6                LGOTO    0x129; main.o:_00002_DS_=0x129
00000128 fa59                INCR     0x26, ToReg
main.o:_00002_DS_:
00000129 e0fc                BCR      STATUS, BK0
0000012a feda                MOVR     0x25, ToAcc
0000012b ff5c                MOVAR    0x23
0000012c fed9                MOVR     0x26, ToAcc
0000012d ff5b                MOVAR    0x24
0000012e e2fa                BCR      PORTA, PA2
0000012f e579                BSR      PORTB, PB5
00000130 defe                MOVIA    0x1
00000131 ff23                MOVAR    0x5c
00000132 fffd                CLRWDT
00000133 def5                MOVIA    0xa
00000134 ff38                MOVAR    0x47
00000135 deff                MOVIA    0x0
00000136 d412                LCALL    0x3ed; _delay=0x3ed
00000137 ded6                MOVIA    0x29
00000138 e0fc                BCR      STATUS, BK0
00000139 fbda                SUBAR    0x25, ToAcc
0000013a deff                MOVIA    0x0
0000013b cad9                SBCAR    0x26, ToAcc
0000013c f7fc                BTRSS    STATUS, C
0000013d c6e4                LGOTO    0x11b; main.o:_00110_DS_=0x11b
0000013e feaa                MOVR     0x55, ToAcc
0000013f f6fc                BTRSS    STATUS, Z
00000140 c6e4                LGOTO    0x11b; main.o:_00110_DS_=0x11b
00000141 e7fa                BSR      PORTA, PA0
00000142 e6fa                BSR      PORTA, PA2
00000143 e179                BCR      PORTB, PB5
00000144 fd76                CLRR     BWUCON
00000145 defe                MOVIA    0x1
00000146 ffb0                SFUN     OSCCR
00000147 ffff                NOP
00000148 defe                MOVIA    0x1
00000149 ff2a                MOVAR    0x55
0000014a ff21                MOVAR    0x5e
0000014b de02                MOVIA    0xfd
0000014c ff70                MOVAR    INTF
0000014d c692                LGOTO    0x16d; main.o:_00124_DS_=0x16d
main.o:_00112_DS_:
0000014e ded6                MOVIA    0x29
0000014f e0fc                BCR      STATUS, BK0
00000150 fbdc                SUBAR    0x23, ToAcc
00000151 deff                MOVIA    0x0
00000152 cadb                SBCAR    0x24, ToAcc
00000153 f3fc                BTRSC    STATUS, C
00000154 c6a5                LGOTO    0x15a; main.o:_00117_DS_=0x15a
00000155 fea1                MOVR     0x5e, ToAcc
00000156 f6fc                BTRSS    STATUS, Z
00000157 c6a5                LGOTO    0x15a; main.o:_00117_DS_=0x15a
00000158 defe                MOVIA    0x1
00000159 ff19                MOVAR    0x66
main.o:_00117_DS_:
0000015a f7f0                BTRSS    INTF, T0IF
0000015b c696                LGOTO    0x169; main.o:_00121_DS_=0x169
0000015c de01                MOVIA    0xfe
0000015d ff70                MOVAR    INTF
0000015e e0fc                BCR      STATUS, BK0
0000015f fa2b                INCR     0x54, ToReg
00000160 def9                MOVIA    0x6
00000161 fbab                SUBAR    0x54, ToAcc
00000162 f7fc                BTRSS    STATUS, C
00000163 c696                LGOTO    0x169; main.o:_00121_DS_=0x169
00000164 d351                LCALL    0x4ae; _tick_Event=0x4ae
00000165 d52f                LCALL    0x2d0; _key_process=0x2d0
00000166 d469                LCALL    0x396; _charge_process=0x396
00000167 e0fc                BCR      STATUS, BK0
00000168 fd2b                CLRR     0x54
main.o:_00121_DS_:
00000169 f4f0                BTRSS    INTF, WDTIF
0000016a c692                LGOTO    0x16d; main.o:_00124_DS_=0x16d
0000016b de40                MOVIA    0xbf
0000016c ff70                MOVAR    INTF
main.o:_00124_DS_:
0000016d e0fc                BCR      STATUS, BK0
0000016e fecb                MOVR     0x34, ToAcc
0000016f ff39                MOVAR    0x46
00000170 fecc                MOVR     0x33, ToAcc
00000171 ff38                MOVAR    0x47
00000172 fecd                MOVR     0x32, ToAcc
00000173 ff7b                MOVAR    FSR
00000174 febf                MOVR     0x40, ToAcc
00000175 ff75                MOVAR    PCHBUF
00000176 fd7c                CLRR     STATUS
00000177 eabe                SWAPR    0x41, ToAcc
00000178 ff7c                MOVAR    STATUS
00000179 ea3d                SWAPR    0x42, ToReg
0000017a eabd                SWAPR    0x42, ToAcc
main.o:END_OF_INTERRUPT:
0000017b ffee                RETIE
_key_process_task:
0000017c e0fc                BCR      STATUS, BK0
0000017d fec6                MOVR     0x39, ToAcc
0000017e eec5                IORAR    0x3a, ToAcc
0000017f eec4                IORAR    0x3b, ToAcc
00000180 eec3                IORAR    0x3c, ToAcc
00000181 f6fc                BTRSS    STATUS, Z
00000182 c675                LGOTO    0x18a; main.o:_00298_DS_=0x18a
00000183 d354                LCALL    0x4ab; _tick_GetTickCount=0x4ab
00000184 e0fc                BCR      STATUS, BK0
00000185 ff54                MOVAR    0x2b
00000186 ff46                MOVAR    0x39
00000187 fd45                CLRR     0x3a
00000188 fd44                CLRR     0x3b
00000189 fd43                CLRR     0x3c
main.o:_00298_DS_:
0000018a e0fc                BCR      STATUS, BK0
0000018b fec6                MOVR     0x39, ToAcc
0000018c ff54                MOVAR    0x2b
0000018d d3f7                LCALL    0x408; _tick_GetElapsedTime=0x408
0000018e e0fc                BCR      STATUS, BK0
0000018f ff54                MOVAR    0x2b
00000190 defd                MOVIA    0x2
00000191 fbd4                SUBAR    0x2b, ToAcc
00000192 f7fc                BTRSS    STATUS, C
00000193 c623                LGOTO    0x1dc; main.o:_00320_DS_=0x1dc
00000194 d354                LCALL    0x4ab; _tick_GetTickCount=0x4ab
00000195 e0fc                BCR      STATUS, BK0
00000196 ff54                MOVAR    0x2b
00000197 ff46                MOVAR    0x39
00000198 fd45                CLRR     0x3a
00000199 fd44                CLRR     0x3b
0000019a fd43                CLRR     0x3c
0000019b fe9f                MOVR     0x60, ToAcc
0000019c f2fc                BTRSC    STATUS, Z
0000019d c656                LGOTO    0x1a9; main.o:_00302_DS_=0x1a9
0000019e fd1f                CLRR     0x60
0000019f defe                MOVIA    0x1
000001a0 ff1e                MOVAR    0x61
000001a1 ff0c                MOVAR    0x73
000001a2 fa24                INCR     0x5b, ToReg
000001a3 defa                MOVIA    0x5
000001a4 fba4                SUBAR    0x5b, ToAcc
000001a5 f7fc                BTRSS    STATUS, C
000001a6 c656                LGOTO    0x1a9; main.o:_00302_DS_=0x1a9
000001a7 defe                MOVIA    0x1
000001a8 ff24                MOVAR    0x5b
main.o:_00302_DS_:
000001a9 e0fc                BCR      STATUS, BK0
000001aa fe8c                MOVR     0x73, ToAcc
000001ab f2fc                BTRSC    STATUS, Z
000001ac c62f                LGOTO    0x1d0; main.o:_00315_DS_=0x1d0
000001ad fd0c                CLRR     0x73
000001ae fea4                MOVR     0x5b, ToAcc
000001af dbfe                XORIA    0x1
000001b0 f6fc                BTRSS    STATUS, Z
000001b1 c649                LGOTO    0x1b6; main.o:_00312_DS_=0x1b6
000001b2 defe                MOVIA    0x1
000001b3 ff28                MOVAR    0x57
000001b4 d3e2                LCALL    0x41d; _v0_mode=0x41d
000001b5 c62f                LGOTO    0x1d0; main.o:_00315_DS_=0x1d0
main.o:_00312_DS_:
000001b6 e0fc                BCR      STATUS, BK0
000001b7 fea4                MOVR     0x5b, ToAcc
000001b8 dbfd                XORIA    0x2
000001b9 f6fc                BTRSS    STATUS, Z
000001ba c640                LGOTO    0x1bf; main.o:_00309_DS_=0x1bf
000001bb defe                MOVIA    0x1
000001bc ff27                MOVAR    0x58
000001bd d3a3                LCALL    0x45c; _v1_mode=0x45c
000001be c62f                LGOTO    0x1d0; main.o:_00315_DS_=0x1d0
main.o:_00309_DS_:
000001bf e0fc                BCR      STATUS, BK0
000001c0 fea4                MOVR     0x5b, ToAcc
000001c1 dbfc                XORIA    0x3
000001c2 f6fc                BTRSS    STATUS, Z
000001c3 c637                LGOTO    0x1c8; main.o:_00306_DS_=0x1c8
000001c4 defe                MOVIA    0x1
000001c5 ff26                MOVAR    0x59
000001c6 d3b8                LCALL    0x447; _v2_mode=0x447
000001c7 c62f                LGOTO    0x1d0; main.o:_00315_DS_=0x1d0
main.o:_00306_DS_:
000001c8 e0fc                BCR      STATUS, BK0
000001c9 fea4                MOVR     0x5b, ToAcc
000001ca dbfb                XORIA    0x4
000001cb f6fc                BTRSS    STATUS, Z
000001cc c62f                LGOTO    0x1d0; main.o:_00315_DS_=0x1d0
000001cd defe                MOVIA    0x1
000001ce ff25                MOVAR    0x5a
000001cf d3cd                LCALL    0x432; _v3_mode=0x432
main.o:_00315_DS_:
000001d0 e0fc                BCR      STATUS, BK0
000001d1 fe9d                MOVR     0x62, ToAcc
000001d2 f2fc                BTRSC    STATUS, Z
000001d3 c623                LGOTO    0x1dc; main.o:_00320_DS_=0x1dc
000001d4 fd1d                CLRR     0x62
000001d5 fd2a                CLRR     0x55
000001d6 fd28                CLRR     0x57
000001d7 fd27                CLRR     0x58
000001d8 fd26                CLRR     0x59
000001d9 fd25                CLRR     0x5a
000001da defe                MOVIA    0x1
000001db ff29                MOVAR    0x56
main.o:_00320_DS_:
000001dc ffef                RET
_turnOffDevice:
000001dd ffec                DISI
000001de fdff                CLRA
000001df fff9                IOST     IOSTB
000001e0 fd79                CLRR     PORTB
000001e1 e0fc                BCR      STATUS, BK0
000001e2 fea4                MOVR     0x5b, ToAcc
000001e3 fd21                CLRR     0x5e
000001e4 fd11                CLRR     0x6e
000001e5 fd2a                CLRR     0x55
000001e6 fd13                CLRR     0x6c
000001e7 defe                MOVIA    0x1
000001e8 ff15                MOVAR    0x6a
000001e9 fdff                CLRA
000001ea fffa                IOST     IOSTA
000001eb fd7a                CLRR     PORTA
000001ec fdff                CLRA
000001ed fff8                IOST     IOSTC
000001ee fd78                CLRR     PORTC
000001ef fd6a                CLRR     AWUCON
000001f0 fe7a                MOVR     PORTA, ToReg
000001f1 fe79                MOVR     PORTB, ToReg
000001f2 e077                BCR      PCON, WDTEN
000001f3 d44a                LCALL    0x3b5; _key_initial=0x3b5
000001f4 defb                MOVIA    0x4
000001f5 ffb0                SFUN     OSCCR
000001f6 ffff                NOP
000001f7 defd                MOVIA    0x2
000001f8 ff38                MOVAR    0x47
000001f9 deff                MOVIA    0x0
000001fa d412                LCALL    0x3ed; _delay=0x3ed
000001fb fffe                SLEEP
000001fc defd                MOVIA    0x2
000001fd ff38                MOVAR    0x47
000001fe deff                MOVIA    0x0
000001ff d412                LCALL    0x3ed; _delay=0x3ed
00000200 fdff                CLRA
00000201 fffa                IOST     IOSTA
00000202 e0fc                BCR      STATUS, BK0
00000203 e3f4                BCR      ABPLCON, PLPA0
00000204 e3fa                BCR      PORTA, PA0
00000205 fe7a                MOVR     PORTA, ToReg
00000206 e579                BSR      PORTB, PB5
00000207 ffe9                IOSTR    IOSTB
00000208 ff4f                MOVAR    0x30
00000209 e14f                BCR      0x30, 0x5
0000020a fecf                MOVR     0x30, ToAcc
0000020b fff9                IOST     IOSTB
0000020c e173                BCR      BPHCON, PHPB5
0000020d e579                BSR      PORTB, PB5
0000020e ffe9                IOSTR    IOSTB
0000020f ff4f                MOVAR    0x30
00000210 e4cf                BSR      0x30, 0x6
00000211 fecf                MOVR     0x30, ToAcc
00000212 fff9                IOST     IOSTB
00000213 e0f3                BCR      BPHCON, PHPB6
00000214 e4f9                BSR      PORTB, PB6
00000215 ffe9                IOSTR    IOSTB
00000216 ff4f                MOVAR    0x30
00000217 e7cf                BSR      0x30, 0x0
00000218 fecf                MOVR     0x30, ToAcc
00000219 fff9                IOST     IOSTB
0000021a e3f3                BCR      BPHCON, PHPB0
0000021b e7f9                BSR      PORTB, PB0
0000021c d7fc                LCALL    0x3; _tick_Init=0x3
0000021d d38e                LCALL    0x471; _volume_initial=0x471
0000021e d35e                LCALL    0x4a1; _digital_initial=0x4a1
0000021f fe79                MOVR     PORTB, ToReg
00000220 fdff                CLRA
00000221 fff0                IOST     PCON1
00000222 fd7e                CLRR     TMR0
00000223 fdff                CLRA
00000224 fffc                T0MD
00000225 e7f1                BSR      INTE, T0IE
00000226 defe                MOVIA    0x1
00000227 fff0                IOST     PCON1
00000228 fd66                CLRR     TMRH
00000229 debf                MOVIA    0x40
0000022a ffbf                SFUN     TMR1
0000022b deef                MOVIA    0x10
0000022c ffbc                SFUN     PWM1DUTY
0000022d de7c                MOVIA    0x83
0000022e ffbe                SFUN     T1CR1
0000022f fdff                CLRA
00000230 ffbd                SFUN     T1CR2
00000231 defd                MOVIA    0x2
00000232 ff38                MOVAR    0x47
00000233 deff                MOVIA    0x0
00000234 d412                LCALL    0x3ed; _delay=0x3ed
00000235 d37f                LCALL    0x480; _stop_buzzer=0x480
00000236 fffb                ENI
00000237 d42d                LCALL    0x3d2; _ModeChoode=0x3d2
00000238 ffef                RET
_main:
00000239 fdff                CLRA
0000023a fff9                IOST     IOSTB
0000023b fd79                CLRR     PORTB
0000023c fdff                CLRA
0000023d fffa                IOST     IOSTA
0000023e e0fc                BCR      STATUS, BK0
0000023f e3f4                BCR      ABPLCON, PLPA0
00000240 fe7a                MOVR     PORTA, ToReg
00000241 e7fa                BSR      PORTA, PA0
00000242 ffe9                IOSTR    IOSTB
00000243 ff4e                MOVAR    0x31
00000244 e14e                BCR      0x31, 0x5
00000245 fece                MOVR     0x31, ToAcc
00000246 fff9                IOST     IOSTB
00000247 dedf                MOVIA    0x20
00000248 fff3                IOST     BODCON
00000249 e579                BSR      PORTB, PB5
0000024a ffe9                IOSTR    IOSTB
0000024b ff4e                MOVAR    0x31
0000024c e4ce                BSR      0x31, 0x6
0000024d fece                MOVR     0x31, ToAcc
0000024e fff9                IOST     IOSTB
0000024f e0f3                BCR      BPHCON, PHPB6
00000250 e4f9                BSR      PORTB, PB6
00000251 ffe9                IOSTR    IOSTB
00000252 ff4e                MOVAR    0x31
00000253 e7ce                BSR      0x31, 0x0
00000254 fece                MOVR     0x31, ToAcc
00000255 fff9                IOST     IOSTB
00000256 e3f3                BCR      BPHCON, PHPB0
00000257 e7f9                BSR      PORTB, PB0
00000258 fe79                MOVR     PORTB, ToReg
00000259 d7fc                LCALL    0x3; _tick_Init=0x3
0000025a d38e                LCALL    0x471; _volume_initial=0x471
0000025b d35e                LCALL    0x4a1; _digital_initial=0x4a1
0000025c e0fc                BCR      STATUS, BK0
0000025d e6fa                BSR      PORTA, PA2
0000025e d3cd                LCALL    0x432; _v3_mode=0x432
0000025f fe79                MOVR     PORTB, ToReg
00000260 fdff                CLRA
00000261 fff0                IOST     PCON1
00000262 fd7e                CLRR     TMR0
00000263 fdff                CLRA
00000264 fffc                T0MD
00000265 e7f1                BSR      INTE, T0IE
00000266 defe                MOVIA    0x1
00000267 fff0                IOST     PCON1
00000268 fd66                CLRR     TMRH
00000269 debf                MOVIA    0x40
0000026a ffbf                SFUN     TMR1
0000026b deef                MOVIA    0x10
0000026c ffbc                SFUN     PWM1DUTY
0000026d de7c                MOVIA    0x83
0000026e ffbe                SFUN     T1CR1
0000026f fdff                CLRA
00000270 ffbd                SFUN     T1CR2
00000271 defd                MOVIA    0x2
00000272 ff38                MOVAR    0x47
00000273 deff                MOVIA    0x0
00000274 d412                LCALL    0x3ed; _delay=0x3ed
00000275 d37f                LCALL    0x480; _stop_buzzer=0x480
00000276 fffb                ENI
main.o:_00407_DS_:
00000277 e0fc                BCR      STATUS, BK0
00000278 fe99                MOVR     0x66, ToAcc
00000279 f2fc                BTRSC    STATUS, Z
0000027a c582                LGOTO    0x27d; main.o:_00405_DS_=0x27d
0000027b fd19                CLRR     0x66
0000027c d622                LCALL    0x1dd; _turnOffDevice=0x1dd
main.o:_00405_DS_:
0000027d d57a                LCALL    0x285; _led_task=0x285
0000027e d683                LCALL    0x17c; _key_process_task=0x17c
0000027f d7f6                LCALL    0x9; _buzzer_task=0x9
00000280 d4bb                LCALL    0x344; _charge_check_Task=0x344
00000281 d48c                LCALL    0x373; _digital_process_task=0x373
00000282 fffd                CLRWDT
00000283 c588                LGOTO    0x277; main.o:_00407_DS_=0x277
00000284 ffef                RET
_led_task:
00000285 e0fc                BCR      STATUS, BK0
00000286 feaa                MOVR     0x55, ToAcc
00000287 dbfe                XORIA    0x1
00000288 f6fc                BTRSS    STATUS, Z
00000289 c555                LGOTO    0x2aa; main.o:_00330_DS_=0x2aa
0000028a feb7                MOVR     0x48, ToAcc
0000028b eeb6                IORAR    0x49, ToAcc
0000028c eeb5                IORAR    0x4a, ToAcc
0000028d eeb4                IORAR    0x4b, ToAcc
0000028e f6fc                BTRSS    STATUS, Z
0000028f c567                LGOTO    0x298; main.o:_00326_DS_=0x298
00000290 e179                BCR      PORTB, PB5
00000291 d354                LCALL    0x4ab; _tick_GetTickCount=0x4ab
00000292 e0fc                BCR      STATUS, BK0
00000293 ff55                MOVAR    0x2a
00000294 ff37                MOVAR    0x48
00000295 fd36                CLRR     0x49
00000296 fd35                CLRR     0x4a
00000297 fd34                CLRR     0x4b
main.o:_00326_DS_:
00000298 e0fc                BCR      STATUS, BK0
00000299 feb7                MOVR     0x48, ToAcc
0000029a ff55                MOVAR    0x2a
0000029b d3f7                LCALL    0x408; _tick_GetElapsedTime=0x408
0000029c e0fc                BCR      STATUS, BK0
0000029d ff55                MOVAR    0x2a
0000029e de37                MOVIA    0xc8
0000029f fbd5                SUBAR    0x2a, ToAcc
000002a0 f7fc                BTRSS    STATUS, C
000002a1 c555                LGOTO    0x2aa; main.o:_00330_DS_=0x2aa
000002a2 fd37                CLRR     0x48
000002a3 fd36                CLRR     0x49
000002a4 fd35                CLRR     0x4a
000002a5 fd34                CLRR     0x4b
000002a6 fd2a                CLRR     0x55
000002a7 e579                BSR      PORTB, PB5
000002a8 defe                MOVIA    0x1
000002a9 ff22                MOVAR    0x5d
main.o:_00330_DS_:
000002aa e0fc                BCR      STATUS, BK0
000002ab fea9                MOVR     0x56, ToAcc
000002ac dbfe                XORIA    0x1
000002ad f6fc                BTRSS    STATUS, Z
000002ae c530                LGOTO    0x2cf; main.o:_00337_DS_=0x2cf
000002af feb3                MOVR     0x4c, ToAcc
000002b0 eeb2                IORAR    0x4d, ToAcc
000002b1 eeb1                IORAR    0x4e, ToAcc
000002b2 eeb0                IORAR    0x4f, ToAcc
000002b3 f6fc                BTRSS    STATUS, Z
000002b4 c542                LGOTO    0x2bd; main.o:_00332_DS_=0x2bd
000002b5 e179                BCR      PORTB, PB5
000002b6 d354                LCALL    0x4ab; _tick_GetTickCount=0x4ab
000002b7 e0fc                BCR      STATUS, BK0
000002b8 ff55                MOVAR    0x2a
000002b9 ff33                MOVAR    0x4c
000002ba fd32                CLRR     0x4d
000002bb fd31                CLRR     0x4e
000002bc fd30                CLRR     0x4f
main.o:_00332_DS_:
000002bd e0fc                BCR      STATUS, BK0
000002be feb3                MOVR     0x4c, ToAcc
000002bf ff55                MOVAR    0x2a
000002c0 d3f7                LCALL    0x408; _tick_GetElapsedTime=0x408
000002c1 e0fc                BCR      STATUS, BK0
000002c2 ff55                MOVAR    0x2a
000002c3 de37                MOVIA    0xc8
000002c4 fbd5                SUBAR    0x2a, ToAcc
000002c5 f7fc                BTRSS    STATUS, C
000002c6 c530                LGOTO    0x2cf; main.o:_00337_DS_=0x2cf
000002c7 fd33                CLRR     0x4c
000002c8 fd32                CLRR     0x4d
000002c9 fd31                CLRR     0x4e
000002ca fd30                CLRR     0x4f
000002cb fd29                CLRR     0x56
000002cc e579                BSR      PORTB, PB5
000002cd defe                MOVIA    0x1
000002ce ff19                MOVAR    0x66
main.o:_00337_DS_:
000002cf ffef                RET
_key_process:
000002d0 f8f9                COMR     PORTB, ToAcc
000002d1 e0fc                BCR      STATUS, BK0
000002d2 ff56                MOVAR    0x29
000002d3 f4d6                BTRSS    0x29, 0x6
000002d4 c50c                LGOTO    0x2f3; main.o:_00142_DS_=0x2f3
000002d5 fd1b                CLRR     0x64
000002d6 fa42                INCR     0x3d, ToReg
000002d7 f2fc                BTRSC    STATUS, Z
000002d8 fa41                INCR     0x3e, ToReg
000002d9 defb                MOVIA    0x4
000002da fbc2                SUBAR    0x3d, ToAcc
000002db deff                MOVIA    0x0
000002dc cac1                SBCAR    0x3e, ToAcc
000002dd f7fc                BTRSS    STATUS, C
000002de c4f6                LGOTO    0x309; main.o:_00144_DS_=0x309
000002df fe9c                MOVR     0x63, ToAcc
000002e0 f2fc                BTRSC    STATUS, Z
000002e1 c4f6                LGOTO    0x309; main.o:_00144_DS_=0x309
000002e2 defe                MOVIA    0x1
000002e3 ff20                MOVAR    0x5f
000002e4 fd1a                CLRR     0x65
000002e5 de68                MOVIA    0x97
000002e6 fbc2                SUBAR    0x3d, ToAcc
000002e7 deff                MOVIA    0x0
000002e8 cac1                SBCAR    0x3e, ToAcc
000002e9 f7fc                BTRSS    STATUS, C
000002ea c4f6                LGOTO    0x309; main.o:_00144_DS_=0x309
000002eb fe9d                MOVR     0x62, ToAcc
000002ec f6fc                BTRSS    STATUS, Z
000002ed c4f6                LGOTO    0x309; main.o:_00144_DS_=0x309
000002ee defe                MOVIA    0x1
000002ef ff1d                MOVAR    0x62
000002f0 ff1a                MOVAR    0x65
000002f1 fd1c                CLRR     0x63
000002f2 c4f6                LGOTO    0x309; main.o:_00144_DS_=0x309
main.o:_00142_DS_:
000002f3 e0fc                BCR      STATUS, BK0
000002f4 fd42                CLRR     0x3d
000002f5 fd41                CLRR     0x3e
000002f6 fa1b                INCR     0x64, ToReg
000002f7 defb                MOVIA    0x4
000002f8 fb9b                SUBAR    0x64, ToAcc
000002f9 f7fc                BTRSS    STATUS, C
000002fa c4f6                LGOTO    0x309; main.o:_00144_DS_=0x309
000002fb fea0                MOVR     0x5f, ToAcc
000002fc f2fc                BTRSC    STATUS, Z
000002fd c4f6                LGOTO    0x309; main.o:_00144_DS_=0x309
000002fe defe                MOVIA    0x1
000002ff ff1c                MOVAR    0x63
00000300 fd20                CLRR     0x5f
00000301 fe9a                MOVR     0x65, ToAcc
00000302 f6fc                BTRSS    STATUS, Z
00000303 c4f6                LGOTO    0x309; main.o:_00144_DS_=0x309
00000304 fea3                MOVR     0x5c, ToAcc
00000305 f6fc                BTRSS    STATUS, Z
00000306 c4f6                LGOTO    0x309; main.o:_00144_DS_=0x309
00000307 defe                MOVIA    0x1
00000308 ff1f                MOVAR    0x60
main.o:_00144_DS_:
00000309 ffef                RET
___cinit_load__:
___cinit_run__:
0000030a e0fc                BCR      STATUS, BK0
0000030b fd40                CLRR     0x3f
0000030c fd2b                CLRR     0x54
0000030d fd2a                CLRR     0x55
0000030e fd29                CLRR     0x56
0000030f fd28                CLRR     0x57
00000310 fd27                CLRR     0x58
00000311 fd26                CLRR     0x59
00000312 fd25                CLRR     0x5a
00000313 fd24                CLRR     0x5b
00000314 fd23                CLRR     0x5c
00000315 fd22                CLRR     0x5d
00000316 fd21                CLRR     0x5e
00000317 fd20                CLRR     0x5f
00000318 fd42                CLRR     0x3d
00000319 fd41                CLRR     0x3e
0000031a fd1f                CLRR     0x60
0000031b fd1e                CLRR     0x61
0000031c fd1d                CLRR     0x62
0000031d fd1b                CLRR     0x64
0000031e fd1a                CLRR     0x65
0000031f fd19                CLRR     0x66
00000320 fd18                CLRR     0x67
00000321 fd17                CLRR     0x68
00000322 fd16                CLRR     0x69
00000323 fd14                CLRR     0x6b
00000324 fd13                CLRR     0x6c
00000325 fd12                CLRR     0x6d
00000326 fd11                CLRR     0x6e
00000327 fd4a                CLRR     0x35
00000328 fd49                CLRR     0x36
00000329 fd48                CLRR     0x37
0000032a fd47                CLRR     0x38
0000032b fd10                CLRR     0x6f
0000032c fd0f                CLRR     0x70
0000032d fd0e                CLRR     0x71
0000032e fd0d                CLRR     0x72
0000032f fd46                CLRR     0x39
00000330 fd45                CLRR     0x3a
00000331 fd44                CLRR     0x3b
00000332 fd43                CLRR     0x3c
00000333 fd0c                CLRR     0x73
00000334 fd37                CLRR     0x48
00000335 fd36                CLRR     0x49
00000336 fd35                CLRR     0x4a
00000337 fd34                CLRR     0x4b
00000338 fd33                CLRR     0x4c
00000339 fd32                CLRR     0x4d
0000033a fd31                CLRR     0x4e
0000033b fd30                CLRR     0x4f
0000033c fd2f                CLRR     0x50
0000033d fd2e                CLRR     0x51
0000033e fd2d                CLRR     0x52
0000033f fd2c                CLRR     0x53
00000340 defe                MOVIA    0x1
00000341 ff1c                MOVAR    0x63
00000342 ff15                MOVAR    0x6a
00000343 ffef                RET
_charge_check_Task:
00000344 e0fc                BCR      STATUS, BK0
00000345 fe93                MOVR     0x6c, ToAcc
00000346 f2fc                BTRSC    STATUS, Z
00000347 c48d                LGOTO    0x372; main.o:_00361_DS_=0x372
00000348 fea1                MOVR     0x5e, ToAcc
00000349 f6fc                BTRSS    STATUS, Z
0000034a c48d                LGOTO    0x372; main.o:_00361_DS_=0x372
0000034b feaf                MOVR     0x50, ToAcc
0000034c eeae                IORAR    0x51, ToAcc
0000034d eead                IORAR    0x52, ToAcc
0000034e eeac                IORAR    0x53, ToAcc
0000034f f6fc                BTRSS    STATUS, Z
00000350 c4a7                LGOTO    0x358; main.o:_00353_DS_=0x358
00000351 d354                LCALL    0x4ab; _tick_GetTickCount=0x4ab
00000352 e0fc                BCR      STATUS, BK0
00000353 ff55                MOVAR    0x2a
00000354 ff2f                MOVAR    0x50
00000355 fd2e                CLRR     0x51
00000356 fd2d                CLRR     0x52
00000357 fd2c                CLRR     0x53
main.o:_00353_DS_:
00000358 e0fc                BCR      STATUS, BK0
00000359 feaf                MOVR     0x50, ToAcc
0000035a ff55                MOVAR    0x2a
0000035b d3f7                LCALL    0x408; _tick_GetElapsedTime=0x408
0000035c e0fc                BCR      STATUS, BK0
0000035d ff55                MOVAR    0x2a
0000035e de50                MOVIA    0xaf
0000035f fbd5                SUBAR    0x2a, ToAcc
00000360 f7fc                BTRSS    STATUS, C
00000361 c48d                LGOTO    0x372; main.o:_00361_DS_=0x372
00000362 fd2f                CLRR     0x50
00000363 fd2e                CLRR     0x51
00000364 fd2d                CLRR     0x52
00000365 fd2c                CLRR     0x53
00000366 fa11                INCR     0x6e, ToReg
00000367 defd                MOVIA    0x2
00000368 fb91                SUBAR    0x6e, ToAcc
00000369 f7fc                BTRSS    STATUS, C
0000036a c48d                LGOTO    0x372; main.o:_00361_DS_=0x372
0000036b fd11                CLRR     0x6e
0000036c fd13                CLRR     0x6c
0000036d e7fa                BSR      PORTA, PA0
0000036e e6fa                BSR      PORTA, PA2
0000036f e179                BCR      PORTB, PB5
00000370 defe                MOVIA    0x1
00000371 ff2a                MOVAR    0x55
main.o:_00361_DS_:
00000372 ffef                RET
_digital_process_task:
00000373 e0fc                BCR      STATUS, BK0
00000374 fe9e                MOVR     0x61, ToAcc
00000375 f2fc                BTRSC    STATUS, Z
00000376 c46a                LGOTO    0x395; main.o:_00175_DS_=0x395
00000377 feca                MOVR     0x35, ToAcc
00000378 eec9                IORAR    0x36, ToAcc
00000379 eec8                IORAR    0x37, ToAcc
0000037a eec7                IORAR    0x38, ToAcc
0000037b f6fc                BTRSS    STATUS, Z
0000037c c47a                LGOTO    0x385; main.o:_00170_DS_=0x385
0000037d d354                LCALL    0x4ab; _tick_GetTickCount=0x4ab
0000037e e0fc                BCR      STATUS, BK0
0000037f ff55                MOVAR    0x2a
00000380 ff4a                MOVAR    0x35
00000381 fd49                CLRR     0x36
00000382 fd48                CLRR     0x37
00000383 fd47                CLRR     0x38
00000384 d34b                LCALL    0x4b4; _Open_digital=0x4b4
main.o:_00170_DS_:
00000385 e0fc                BCR      STATUS, BK0
00000386 feca                MOVR     0x35, ToAcc
00000387 ff55                MOVAR    0x2a
00000388 d3f7                LCALL    0x408; _tick_GetElapsedTime=0x408
00000389 e0fc                BCR      STATUS, BK0
0000038a ff55                MOVAR    0x2a
0000038b deeb                MOVIA    0x14
0000038c fbd5                SUBAR    0x2a, ToAcc
0000038d f7fc                BTRSS    STATUS, C
0000038e c46a                LGOTO    0x395; main.o:_00175_DS_=0x395
0000038f fd4a                CLRR     0x35
00000390 fd49                CLRR     0x36
00000391 fd48                CLRR     0x37
00000392 fd47                CLRR     0x38
00000393 fd1e                CLRR     0x61
00000394 d34e                LCALL    0x4b1; _Close_digital=0x4b1
main.o:_00175_DS_:
00000395 ffef                RET
_charge_process:
00000396 f8f9                COMR     PORTB, ToAcc
00000397 e0fc                BCR      STATUS, BK0
00000398 ff53                MOVAR    0x2c
00000399 f7d3                BTRSS    0x2c, 0x0
0000039a c459                LGOTO    0x3a6; main.o:_00345_DS_=0x3a6
0000039b fd18                CLRR     0x67
0000039c defe                MOVIA    0x1
0000039d ff15                MOVAR    0x6a
0000039e fd16                CLRR     0x69
0000039f defe                MOVIA    0x1
000003a0 ff14                MOVAR    0x6b
000003a1 e3fa                BCR      PORTA, PA0
000003a2 e579                BSR      PORTB, PB5
000003a3 defe                MOVIA    0x1
000003a4 ff19                MOVAR    0x66
000003a5 c44b                LGOTO    0x3b4; main.o:_00347_DS_=0x3b4
main.o:_00345_DS_:
000003a6 e0fc                BCR      STATUS, BK0
000003a7 fd17                CLRR     0x68
000003a8 fe95                MOVR     0x6a, ToAcc
000003a9 f2fc                BTRSC    STATUS, Z
000003aa c44b                LGOTO    0x3b4; main.o:_00347_DS_=0x3b4
000003ab defe                MOVIA    0x1
000003ac ff16                MOVAR    0x69
000003ad fd15                CLRR     0x6a
000003ae defe                MOVIA    0x1
000003af ff13                MOVAR    0x6c
000003b0 fd76                CLRR     BWUCON
000003b1 defe                MOVIA    0x1
000003b2 ffb0                SFUN     OSCCR
000003b3 ffff                NOP
main.o:_00347_DS_:
000003b4 ffef                RET
_key_initial:
000003b5 e0f3                BCR      BPHCON, PHPB6
000003b6 e4f6                BSR      BWUCON, WUPB6
000003b7 ffe9                IOSTR    IOSTB
000003b8 e0fc                BCR      STATUS, BK0
000003b9 ff55                MOVAR    0x2a
000003ba e4d5                BSR      0x2a, 0x6
000003bb fed5                MOVR     0x2a, ToAcc
000003bc fff9                IOST     IOSTB
000003bd e4f9                BSR      PORTB, PB6
000003be e3f3                BCR      BPHCON, PHPB0
000003bf ffe9                IOSTR    IOSTB
000003c0 ff55                MOVAR    0x2a
000003c1 e7d5                BSR      0x2a, 0x0
000003c2 fed5                MOVR     0x2a, ToAcc
000003c3 fff9                IOST     IOSTB
000003c4 e7f9                BSR      PORTB, PB0
000003c5 fe79                MOVR     PORTB, ToReg
000003c6 deee                MOVIA    0x11
000003c7 ff67                MOVAR    INTEDG
000003c8 def9                MOVIA    0x6
000003c9 ff71                MOVAR    INTE
000003ca fd70                CLRR     INTF
000003cb fdff                CLRA
000003cc ffb0                SFUN     OSCCR
000003cd ffff                NOP
000003ce defe                MOVIA    0x1
000003cf ffb0                SFUN     OSCCR
000003d0 ffff                NOP
000003d1 ffef                RET
_ModeChoode:
000003d2 e0fc                BCR      STATUS, BK0
000003d3 fea4                MOVR     0x5b, ToAcc
000003d4 dbfe                XORIA    0x1
000003d5 f6fc                BTRSS    STATUS, Z
000003d6 c426                LGOTO    0x3d9; main.o:_00393_DS_=0x3d9
000003d7 d3e2                LCALL    0x41d; _v0_mode=0x41d
000003d8 c413                LGOTO    0x3ec; main.o:_00395_DS_=0x3ec
main.o:_00393_DS_:
000003d9 e0fc                BCR      STATUS, BK0
000003da fea4                MOVR     0x5b, ToAcc
000003db dbfd                XORIA    0x2
000003dc f6fc                BTRSS    STATUS, Z
000003dd c41f                LGOTO    0x3e0; main.o:_00390_DS_=0x3e0
000003de d3a3                LCALL    0x45c; _v1_mode=0x45c
000003df c413                LGOTO    0x3ec; main.o:_00395_DS_=0x3ec
main.o:_00390_DS_:
000003e0 e0fc                BCR      STATUS, BK0
000003e1 fea4                MOVR     0x5b, ToAcc
000003e2 dbfc                XORIA    0x3
000003e3 f6fc                BTRSS    STATUS, Z
000003e4 c418                LGOTO    0x3e7; main.o:_00387_DS_=0x3e7
000003e5 d3b8                LCALL    0x447; _v2_mode=0x447
000003e6 c413                LGOTO    0x3ec; main.o:_00395_DS_=0x3ec
main.o:_00387_DS_:
000003e7 e0fc                BCR      STATUS, BK0
000003e8 fea4                MOVR     0x5b, ToAcc
000003e9 dbfb                XORIA    0x4
000003ea f2fc                BTRSC    STATUS, Z
000003eb d3cd                LCALL    0x432; _v3_mode=0x432
main.o:_00395_DS_:
000003ec ffef                RET
_delay:
000003ed e0fc                BCR      STATUS, BK0
000003ee ff55                MOVAR    0x2a
000003ef feb8                MOVR     0x47, ToAcc
000003f0 ff54                MOVAR    0x2b
000003f1 defe                MOVIA    0x1
000003f2 ff52                MOVAR    0x2d
000003f3 fd51                CLRR     0x2e
main.o:_00368_DS_:
000003f4 e0fc                BCR      STATUS, BK0
000003f5 fed5                MOVR     0x2a, ToAcc
000003f6 da7f                ADDIA    0x80
000003f7 ff50                MOVAR    0x2f
000003f8 fed1                MOVR     0x2e, ToAcc
000003f9 da7f                ADDIA    0x80
000003fa fbd0                SUBAR    0x2f, ToAcc
000003fb f6fc                BTRSS    STATUS, Z
000003fc c400                LGOTO    0x3ff; main.o:_00379_DS_=0x3ff
000003fd fed2                MOVR     0x2d, ToAcc
000003fe fbd4                SUBAR    0x2b, ToAcc
main.o:_00379_DS_:
000003ff f7fc                BTRSS    STATUS, C
00000400 c3f8                LGOTO    0x407; main.o:_00370_DS_=0x407
00000401 e0fc                BCR      STATUS, BK0
00000402 fa52                INCR     0x2d, ToReg
00000403 f6fc                BTRSS    STATUS, Z
00000404 c3f9                LGOTO    0x406; main.o:_00001_DS_=0x406
00000405 fa51                INCR     0x2e, ToReg
main.o:_00001_DS_:
00000406 c40b                LGOTO    0x3f4; main.o:_00368_DS_=0x3f4
main.o:_00370_DS_:
00000407 ffef                RET
_tick_GetElapsedTime:
00000408 e0fc                BCR      STATUS, BK0
00000409 ff5f                MOVAR    0x20
0000040a d354                LCALL    0x4ab; _tick_GetTickCount=0x4ab
0000040b e0fc                BCR      STATUS, BK0
0000040c ff5e                MOVAR    0x21
0000040d fedf                MOVR     0x20, ToAcc
0000040e fbde                SUBAR    0x21, ToAcc
0000040f f3fc                BTRSC    STATUS, C
00000410 c3e8                LGOTO    0x417; apptick.o:_00118_DS_=0x417
00000411 f8df                COMR     0x20, ToAcc
00000412 ff5d                MOVAR    0x22
00000413 fa5d                INCR     0x22, ToReg
00000414 fedd                MOVR     0x22, ToAcc
00000415 fc5e                ADDAR    0x21, ToReg
00000416 c3e5                LGOTO    0x41a; apptick.o:_00119_DS_=0x41a
apptick.o:_00118_DS_:
00000417 e0fc                BCR      STATUS, BK0
00000418 fedf                MOVR     0x20, ToAcc
00000419 fb5e                SUBAR    0x21, ToReg
apptick.o:_00119_DS_:
0000041a e0fc                BCR      STATUS, BK0
0000041b fede                MOVR     0x21, ToAcc
0000041c ffef                RET
_v0_mode:
0000041d ffea                IOSTR    IOSTA
0000041e e0fc                BCR      STATUS, BK0
0000041f ff55                MOVAR    0x2a
00000420 e455                BSR      0x2a, 0x7
00000421 fed5                MOVR     0x2a, ToAcc
00000422 fffa                IOST     IOSTA
00000423 fe7a                MOVR     PORTA, ToReg
00000424 ffe9                IOSTR    IOSTB
00000425 ff55                MOVAR    0x2a
00000426 de79                MOVIA    0x86
00000427 ee55                IORAR    0x2a, ToReg
00000428 fed5                MOVR     0x2a, ToAcc
00000429 fff9                IOST     IOSTB
0000042a ffe9                IOSTR    IOSTB
0000042b ff55                MOVAR    0x2a
0000042c e055                BCR      0x2a, 0x7
0000042d fed5                MOVR     0x2a, ToAcc
0000042e fff9                IOST     IOSTB
0000042f e079                BCR      PORTB, PB7
00000430 fe79                MOVR     PORTB, ToReg
00000431 ffef                RET
_v3_mode:
00000432 ffea                IOSTR    IOSTA
00000433 e0fc                BCR      STATUS, BK0
00000434 ff55                MOVAR    0x2a
00000435 e455                BSR      0x2a, 0x7
00000436 fed5                MOVR     0x2a, ToAcc
00000437 fffa                IOST     IOSTA
00000438 fe7a                MOVR     PORTA, ToReg
00000439 ffe9                IOSTR    IOSTB
0000043a ff55                MOVAR    0x2a
0000043b de79                MOVIA    0x86
0000043c ee55                IORAR    0x2a, ToReg
0000043d fed5                MOVR     0x2a, ToAcc
0000043e fff9                IOST     IOSTB
0000043f ffe9                IOSTR    IOSTB
00000440 ff55                MOVAR    0x2a
00000441 e2d5                BCR      0x2a, 0x2
00000442 fed5                MOVR     0x2a, ToAcc
00000443 fff9                IOST     IOSTB
00000444 e2f9                BCR      PORTB, PB2
00000445 fe79                MOVR     PORTB, ToReg
00000446 ffef                RET
_v2_mode:
00000447 ffea                IOSTR    IOSTA
00000448 e0fc                BCR      STATUS, BK0
00000449 ff55                MOVAR    0x2a
0000044a e455                BSR      0x2a, 0x7
0000044b fed5                MOVR     0x2a, ToAcc
0000044c fffa                IOST     IOSTA
0000044d fe7a                MOVR     PORTA, ToReg
0000044e ffe9                IOSTR    IOSTB
0000044f ff55                MOVAR    0x2a
00000450 de79                MOVIA    0x86
00000451 ee55                IORAR    0x2a, ToReg
00000452 fed5                MOVR     0x2a, ToAcc
00000453 fff9                IOST     IOSTB
00000454 ffe9                IOSTR    IOSTB
00000455 ff55                MOVAR    0x2a
00000456 e355                BCR      0x2a, 0x1
00000457 fed5                MOVR     0x2a, ToAcc
00000458 fff9                IOST     IOSTB
00000459 e379                BCR      PORTB, PB1
0000045a fe79                MOVR     PORTB, ToReg
0000045b ffef                RET
_v1_mode:
0000045c ffea                IOSTR    IOSTA
0000045d e0fc                BCR      STATUS, BK0
0000045e ff55                MOVAR    0x2a
0000045f e455                BSR      0x2a, 0x7
00000460 fed5                MOVR     0x2a, ToAcc
00000461 fffa                IOST     IOSTA
00000462 ffea                IOSTR    IOSTA
00000463 ff55                MOVAR    0x2a
00000464 e055                BCR      0x2a, 0x7
00000465 fed5                MOVR     0x2a, ToAcc
00000466 fffa                IOST     IOSTA
00000467 e07a                BCR      PORTA, PA7
00000468 fe7a                MOVR     PORTA, ToReg
00000469 ffe9                IOSTR    IOSTB
0000046a ff55                MOVAR    0x2a
0000046b de79                MOVIA    0x86
0000046c ee55                IORAR    0x2a, ToReg
0000046d fed5                MOVR     0x2a, ToAcc
0000046e fff9                IOST     IOSTB
0000046f fe79                MOVR     PORTB, ToReg
00000470 ffef                RET
_volume_initial:
00000471 ffea                IOSTR    IOSTA
00000472 e0fc                BCR      STATUS, BK0
00000473 ff55                MOVAR    0x2a
00000474 e455                BSR      0x2a, 0x7
00000475 fed5                MOVR     0x2a, ToAcc
00000476 fffa                IOST     IOSTA
00000477 fe7a                MOVR     PORTA, ToReg
00000478 ffe9                IOSTR    IOSTB
00000479 ff55                MOVAR    0x2a
0000047a de79                MOVIA    0x86
0000047b ee55                IORAR    0x2a, ToReg
0000047c fed5                MOVR     0x2a, ToAcc
0000047d fff9                IOST     IOSTB
0000047e fe79                MOVR     PORTB, ToReg
0000047f ffef                RET
_stop_buzzer:
00000480 fdff                CLRA
00000481 ffbf                SFUN     TMR1
00000482 ffbc                SFUN     PWM1DUTY
00000483 ffbe                SFUN     T1CR1
00000484 fdff                CLRA
00000485 ffbd                SFUN     T1CR2
00000486 ffe9                IOSTR    IOSTB
00000487 e0fc                BCR      STATUS, BK0
00000488 ff55                MOVAR    0x2a
00000489 e655                BSR      0x2a, 0x3
0000048a fed5                MOVR     0x2a, ToAcc
0000048b fff9                IOST     IOSTB
0000048c ffef                RET
_turnOnDevice_buzzer:
0000048d fd66                CLRR     TMRH
0000048e de80                MOVIA    0x7f
0000048f ffbf                SFUN     TMR1
00000490 defb                MOVIA    0x4
00000491 ffbc                SFUN     PWM1DUTY
00000492 de7c                MOVIA    0x83
00000493 ffbe                SFUN     T1CR1
00000494 fdff                CLRA
00000495 ffbd                SFUN     T1CR2
00000496 ffef                RET
_start_buzzer:
00000497 fd66                CLRR     TMRH
00000498 debf                MOVIA    0x40
00000499 ffbf                SFUN     TMR1
0000049a deef                MOVIA    0x10
0000049b ffbc                SFUN     PWM1DUTY
0000049c de7c                MOVIA    0x83
0000049d ffbe                SFUN     T1CR1
0000049e fdff                CLRA
0000049f ffbd                SFUN     T1CR2
000004a0 ffef                RET
_digital_initial:
000004a1 ffea                IOSTR    IOSTA
000004a2 e0fc                BCR      STATUS, BK0
000004a3 ff55                MOVAR    0x2a
000004a4 e2d5                BCR      0x2a, 0x2
000004a5 fed5                MOVR     0x2a, ToAcc
000004a6 fffa                IOST     IOSTA
000004a7 e2f3                BCR      BPHCON, PHPB2
000004a8 e2fa                BCR      PORTA, PA2
000004a9 fe7a                MOVR     PORTA, ToReg
000004aa ffef                RET
_tick_GetTickCount:
000004ab e0fc                BCR      STATUS, BK0
000004ac fec0                MOVR     0x3f, ToAcc
000004ad ffef                RET
_tick_Event:
000004ae e0fc                BCR      STATUS, BK0
000004af fa40                INCR     0x3f, ToReg
000004b0 ffef                RET
_Close_digital:
000004b1 e0fc                BCR      STATUS, BK0
000004b2 e6fa                BSR      PORTA, PA2
000004b3 ffef                RET
_Open_digital:
000004b4 e0fc                BCR      STATUS, BK0
000004b5 e2fa                BCR      PORTA, PA2
000004b6 ffef                RET

